This file contains any messages produced by compilers while
running configure, to aid debugging if configure makes a mistake.

It was created by nox configure 0.9.0(zaku)~full~beta, which was
generated by GNU Autoconf 2.68.  Invocation command line was

  $ ./configure 

## --------- ##
## Platform. ##
## --------- ##

hostname = mininet-vm
uname -m = i686
uname -r = 3.0.0-12-generic
uname -s = Linux
uname -v = #20-Ubuntu SMP Fri Oct 7 14:50:42 UTC 2011

/usr/bin/uname -p = unknown
/bin/uname -X     = unknown

/bin/arch              = unknown
/usr/bin/arch -k       = unknown
/usr/convex/getsysinfo = unknown
/usr/bin/hostinfo      = unknown
/bin/machine           = unknown
/usr/bin/oslevel       = unknown
/bin/universe          = unknown

PATH: /usr/local/sbin
PATH: /usr/local/bin
PATH: /usr/sbin
PATH: /usr/bin
PATH: /sbin
PATH: /bin
PATH: /usr/games


## ----------- ##
## Core tests. ##
## ----------- ##

configure:2445: checking build number
configure:2463: result: none
configure:2500: checking for a BSD-compatible install
configure:2568: result: /usr/bin/install -c
configure:2579: checking whether build environment is sane
configure:2629: result: yes
configure:2770: checking for a thread-safe mkdir -p
configure:2809: result: /bin/mkdir -p
configure:2822: checking for gawk
configure:2852: result: no
configure:2822: checking for mawk
configure:2838: found /usr/bin/mawk
configure:2849: result: mawk
configure:2860: checking whether make sets $(MAKE)
configure:2882: result: yes
configure:2957: checking how to create a ustar tar archive
configure:2970: tar --version
tar (GNU tar) 1.25
Copyright (C) 2010 Free Software Foundation, Inc.
License GPLv3+: GNU GPL version 3 or later <http://gnu.org/licenses/gpl.html>.
This is free software: you are free to change and redistribute it.
There is NO WARRANTY, to the extent permitted by law.

Written by John Gilmore and Jay Fenlason.
configure:2973: $? = 0
configure:3013: tardir=conftest.dir && eval tar --format=ustar -chf - "$tardir" >conftest.tar
configure:3016: $? = 0
configure:3020: tar -xf - <conftest.tar
configure:3023: $? = 0
configure:3036: result: gnutar
configure:3102: checking for g++
configure:3118: found /usr/bin/g++
configure:3129: result: g++
configure:3156: checking for C++ compiler version
configure:3165: g++ --version >&5
g++ (Ubuntu/Linaro 4.6.1-9ubuntu3) 4.6.1
Copyright (C) 2011 Free Software Foundation, Inc.
This is free software; see the source for copying conditions.  There is NO
warranty; not even for MERCHANTABILITY or FITNESS FOR A PARTICULAR PURPOSE.

configure:3176: $? = 0
configure:3165: g++ -v >&5
Using built-in specs.
COLLECT_GCC=g++
COLLECT_LTO_WRAPPER=/usr/lib/gcc/i686-linux-gnu/4.6.1/lto-wrapper
Target: i686-linux-gnu
Configured with: ../src/configure -v --with-pkgversion='Ubuntu/Linaro 4.6.1-9ubuntu3' --with-bugurl=file:///usr/share/doc/gcc-4.6/README.Bugs --enable-languages=c,c++,fortran,objc,obj-c++,go --prefix=/usr --program-suffix=-4.6 --enable-shared --enable-linker-build-id --with-system-zlib --libexecdir=/usr/lib --without-included-gettext --enable-threads=posix --with-gxx-include-dir=/usr/include/c++/4.6 --libdir=/usr/lib --enable-nls --with-sysroot=/ --enable-clocale=gnu --enable-libstdcxx-debug --enable-libstdcxx-time=yes --enable-plugin --enable-objc-gc --enable-targets=all --disable-werror --with-arch-32=i686 --with-tune=generic --enable-checking=release --build=i686-linux-gnu --host=i686-linux-gnu --target=i686-linux-gnu
Thread model: posix
gcc version 4.6.1 (Ubuntu/Linaro 4.6.1-9ubuntu3) 
configure:3176: $? = 0
configure:3165: g++ -V >&5
g++: error: unrecognized option '-V'
g++: fatal error: no input files
compilation terminated.
configure:3176: $? = 4
configure:3165: g++ -qversion >&5
g++: error: unrecognized option '-qversion'
g++: fatal error: no input files
compilation terminated.
configure:3176: $? = 4
configure:3196: checking whether the C++ compiler works
configure:3218: g++    conftest.cpp  >&5
configure:3222: $? = 0
configure:3270: result: yes
configure:3273: checking for C++ compiler default output file name
configure:3275: result: a.out
configure:3281: checking for suffix of executables
configure:3288: g++ -o conftest    conftest.cpp  >&5
configure:3292: $? = 0
configure:3314: result: 
configure:3336: checking whether we are cross compiling
configure:3344: g++ -o conftest    conftest.cpp  >&5
configure:3348: $? = 0
configure:3355: ./conftest
configure:3359: $? = 0
configure:3374: result: no
configure:3379: checking for suffix of object files
configure:3401: g++ -c   conftest.cpp >&5
configure:3405: $? = 0
configure:3426: result: o
configure:3430: checking whether we are using the GNU C++ compiler
configure:3449: g++ -c   conftest.cpp >&5
configure:3449: $? = 0
configure:3458: result: yes
configure:3467: checking whether g++ accepts -g
configure:3487: g++ -c -g  conftest.cpp >&5
configure:3487: $? = 0
configure:3528: result: yes
configure:3562: checking for style of include used by make
configure:3590: result: GNU
configure:3615: checking dependency style of g++
configure:3725: result: gcc3
configure:3788: checking for gcc
configure:3804: found /usr/bin/gcc
configure:3815: result: gcc
configure:4044: checking for C compiler version
configure:4053: gcc --version >&5
gcc (Ubuntu/Linaro 4.6.1-9ubuntu3) 4.6.1
Copyright (C) 2011 Free Software Foundation, Inc.
This is free software; see the source for copying conditions.  There is NO
warranty; not even for MERCHANTABILITY or FITNESS FOR A PARTICULAR PURPOSE.

configure:4064: $? = 0
configure:4053: gcc -v >&5
Using built-in specs.
COLLECT_GCC=gcc
COLLECT_LTO_WRAPPER=/usr/lib/gcc/i686-linux-gnu/4.6.1/lto-wrapper
Target: i686-linux-gnu
Configured with: ../src/configure -v --with-pkgversion='Ubuntu/Linaro 4.6.1-9ubuntu3' --with-bugurl=file:///usr/share/doc/gcc-4.6/README.Bugs --enable-languages=c,c++,fortran,objc,obj-c++,go --prefix=/usr --program-suffix=-4.6 --enable-shared --enable-linker-build-id --with-system-zlib --libexecdir=/usr/lib --without-included-gettext --enable-threads=posix --with-gxx-include-dir=/usr/include/c++/4.6 --libdir=/usr/lib --enable-nls --with-sysroot=/ --enable-clocale=gnu --enable-libstdcxx-debug --enable-libstdcxx-time=yes --enable-plugin --enable-objc-gc --enable-targets=all --disable-werror --with-arch-32=i686 --with-tune=generic --enable-checking=release --build=i686-linux-gnu --host=i686-linux-gnu --target=i686-linux-gnu
Thread model: posix
gcc version 4.6.1 (Ubuntu/Linaro 4.6.1-9ubuntu3) 
configure:4064: $? = 0
configure:4053: gcc -V >&5
gcc: error: unrecognized option '-V'
gcc: fatal error: no input files
compilation terminated.
configure:4064: $? = 4
configure:4053: gcc -qversion >&5
gcc: error: unrecognized option '-qversion'
gcc: fatal error: no input files
compilation terminated.
configure:4064: $? = 4
configure:4068: checking whether we are using the GNU C compiler
configure:4087: gcc -c   conftest.c >&5
configure:4087: $? = 0
configure:4096: result: yes
configure:4105: checking whether gcc accepts -g
configure:4125: gcc -c -g  conftest.c >&5
configure:4125: $? = 0
configure:4166: result: yes
configure:4183: checking for gcc option to accept ISO C89
configure:4247: gcc  -c -g -O2  conftest.c >&5
configure:4247: $? = 0
configure:4260: result: none needed
configure:4282: checking dependency style of gcc
configure:4392: result: gcc3
configure:4412: checking how to run the C preprocessor
configure:4443: gcc -E  conftest.c
configure:4443: $? = 0
configure:4457: gcc -E  conftest.c
conftest.c:13:28: fatal error: ac_nonexistent.h: No such file or directory
compilation terminated.
configure:4457: $? = 1
configure: failed program was:
| /* confdefs.h */
| #define PACKAGE_NAME "nox"
| #define PACKAGE_TARNAME "nox"
| #define PACKAGE_VERSION "0.9.0(zaku)~full~beta"
| #define PACKAGE_STRING "nox 0.9.0(zaku)~full~beta"
| #define PACKAGE_BUGREPORT "contact@noxrepo.org"
| #define PACKAGE_URL ""
| #define BUILDNR 0
| #define BUILDNR_SUFFIX ""
| #define PACKAGE "nox"
| #define VERSION "0.9.0(zaku)~full~beta"
| /* end confdefs.h.  */
| #include <ac_nonexistent.h>
configure:4482: result: gcc -E
configure:4502: gcc -E  conftest.c
configure:4502: $? = 0
configure:4516: gcc -E  conftest.c
conftest.c:13:28: fatal error: ac_nonexistent.h: No such file or directory
compilation terminated.
configure:4516: $? = 1
configure: failed program was:
| /* confdefs.h */
| #define PACKAGE_NAME "nox"
| #define PACKAGE_TARNAME "nox"
| #define PACKAGE_VERSION "0.9.0(zaku)~full~beta"
| #define PACKAGE_STRING "nox 0.9.0(zaku)~full~beta"
| #define PACKAGE_BUGREPORT "contact@noxrepo.org"
| #define PACKAGE_URL ""
| #define BUILDNR 0
| #define BUILDNR_SUFFIX ""
| #define PACKAGE "nox"
| #define VERSION "0.9.0(zaku)~full~beta"
| /* end confdefs.h.  */
| #include <ac_nonexistent.h>
configure:4547: checking for grep that handles long lines and -e
configure:4605: result: /bin/grep
configure:4610: checking for egrep
configure:4672: result: /bin/grep -E
configure:4677: checking for ANSI C header files
configure:4697: gcc -c -g -O2  conftest.c >&5
configure:4697: $? = 0
configure:4770: gcc -o conftest -g -O2   conftest.c  >&5
configure:4770: $? = 0
configure:4770: ./conftest
configure:4770: $? = 0
configure:4781: result: yes
configure:4794: checking for sys/types.h
configure:4794: gcc -c -g -O2  conftest.c >&5
configure:4794: $? = 0
configure:4794: result: yes
configure:4794: checking for sys/stat.h
configure:4794: gcc -c -g -O2  conftest.c >&5
configure:4794: $? = 0
configure:4794: result: yes
configure:4794: checking for stdlib.h
configure:4794: gcc -c -g -O2  conftest.c >&5
configure:4794: $? = 0
configure:4794: result: yes
configure:4794: checking for string.h
configure:4794: gcc -c -g -O2  conftest.c >&5
configure:4794: $? = 0
configure:4794: result: yes
configure:4794: checking for memory.h
configure:4794: gcc -c -g -O2  conftest.c >&5
configure:4794: $? = 0
configure:4794: result: yes
configure:4794: checking for strings.h
configure:4794: gcc -c -g -O2  conftest.c >&5
configure:4794: $? = 0
configure:4794: result: yes
configure:4794: checking for inttypes.h
configure:4794: gcc -c -g -O2  conftest.c >&5
configure:4794: $? = 0
configure:4794: result: yes
configure:4794: checking for stdint.h
configure:4794: gcc -c -g -O2  conftest.c >&5
configure:4794: $? = 0
configure:4794: result: yes
configure:4794: checking for unistd.h
configure:4794: gcc -c -g -O2  conftest.c >&5
configure:4794: $? = 0
configure:4794: result: yes
configure:4807: checking minix/config.h usability
configure:4807: gcc -c -g -O2  conftest.c >&5
conftest.c:56:26: fatal error: minix/config.h: No such file or directory
compilation terminated.
configure:4807: $? = 1
configure: failed program was:
| /* confdefs.h */
| #define PACKAGE_NAME "nox"
| #define PACKAGE_TARNAME "nox"
| #define PACKAGE_VERSION "0.9.0(zaku)~full~beta"
| #define PACKAGE_STRING "nox 0.9.0(zaku)~full~beta"
| #define PACKAGE_BUGREPORT "contact@noxrepo.org"
| #define PACKAGE_URL ""
| #define BUILDNR 0
| #define BUILDNR_SUFFIX ""
| #define PACKAGE "nox"
| #define VERSION "0.9.0(zaku)~full~beta"
| #define STDC_HEADERS 1
| #define HAVE_SYS_TYPES_H 1
| #define HAVE_SYS_STAT_H 1
| #define HAVE_STDLIB_H 1
| #define HAVE_STRING_H 1
| #define HAVE_MEMORY_H 1
| #define HAVE_STRINGS_H 1
| #define HAVE_INTTYPES_H 1
| #define HAVE_STDINT_H 1
| #define HAVE_UNISTD_H 1
| /* end confdefs.h.  */
| #include <stdio.h>
| #ifdef HAVE_SYS_TYPES_H
| # include <sys/types.h>
| #endif
| #ifdef HAVE_SYS_STAT_H
| # include <sys/stat.h>
| #endif
| #ifdef STDC_HEADERS
| # include <stdlib.h>
| # include <stddef.h>
| #else
| # ifdef HAVE_STDLIB_H
| #  include <stdlib.h>
| # endif
| #endif
| #ifdef HAVE_STRING_H
| # if !defined STDC_HEADERS && defined HAVE_MEMORY_H
| #  include <memory.h>
| # endif
| # include <string.h>
| #endif
| #ifdef HAVE_STRINGS_H
| # include <strings.h>
| #endif
| #ifdef HAVE_INTTYPES_H
| # include <inttypes.h>
| #endif
| #ifdef HAVE_STDINT_H
| # include <stdint.h>
| #endif
| #ifdef HAVE_UNISTD_H
| # include <unistd.h>
| #endif
| #include <minix/config.h>
configure:4807: result: no
configure:4807: checking minix/config.h presence
configure:4807: gcc -E  conftest.c
conftest.c:23:26: fatal error: minix/config.h: No such file or directory
compilation terminated.
configure:4807: $? = 1
configure: failed program was:
| /* confdefs.h */
| #define PACKAGE_NAME "nox"
| #define PACKAGE_TARNAME "nox"
| #define PACKAGE_VERSION "0.9.0(zaku)~full~beta"
| #define PACKAGE_STRING "nox 0.9.0(zaku)~full~beta"
| #define PACKAGE_BUGREPORT "contact@noxrepo.org"
| #define PACKAGE_URL ""
| #define BUILDNR 0
| #define BUILDNR_SUFFIX ""
| #define PACKAGE "nox"
| #define VERSION "0.9.0(zaku)~full~beta"
| #define STDC_HEADERS 1
| #define HAVE_SYS_TYPES_H 1
| #define HAVE_SYS_STAT_H 1
| #define HAVE_STDLIB_H 1
| #define HAVE_STRING_H 1
| #define HAVE_MEMORY_H 1
| #define HAVE_STRINGS_H 1
| #define HAVE_INTTYPES_H 1
| #define HAVE_STDINT_H 1
| #define HAVE_UNISTD_H 1
| /* end confdefs.h.  */
| #include <minix/config.h>
configure:4807: result: no
configure:4807: checking for minix/config.h
configure:4807: result: no
configure:4828: checking whether it is safe to define __EXTENSIONS__
configure:4846: gcc -c -g -O2  conftest.c >&5
configure:4846: $? = 0
configure:4853: result: yes
configure:4874: checking for special C compiler options needed for large files
configure:4919: result: no
configure:4925: checking for _FILE_OFFSET_BITS value needed for large files
configure:4950: gcc -c -g -O2  conftest.c >&5
conftest.c:34:3: warning: left shift count >= width of type [enabled by default]
conftest.c:34:3: warning: left shift count >= width of type [enabled by default]
conftest.c:35:10: warning: left shift count >= width of type [enabled by default]
conftest.c:35:10: warning: left shift count >= width of type [enabled by default]
conftest.c:34:7: error: size of array 'off_t_is_large' is negative
conftest.c:36:9: warning: variably modified 'off_t_is_large' at file scope [enabled by default]
configure:4950: $? = 1
configure: failed program was:
| /* confdefs.h */
| #define PACKAGE_NAME "nox"
| #define PACKAGE_TARNAME "nox"
| #define PACKAGE_VERSION "0.9.0(zaku)~full~beta"
| #define PACKAGE_STRING "nox 0.9.0(zaku)~full~beta"
| #define PACKAGE_BUGREPORT "contact@noxrepo.org"
| #define PACKAGE_URL ""
| #define BUILDNR 0
| #define BUILDNR_SUFFIX ""
| #define PACKAGE "nox"
| #define VERSION "0.9.0(zaku)~full~beta"
| #define STDC_HEADERS 1
| #define HAVE_SYS_TYPES_H 1
| #define HAVE_SYS_STAT_H 1
| #define HAVE_STDLIB_H 1
| #define HAVE_STRING_H 1
| #define HAVE_MEMORY_H 1
| #define HAVE_STRINGS_H 1
| #define HAVE_INTTYPES_H 1
| #define HAVE_STDINT_H 1
| #define HAVE_UNISTD_H 1
| #define __EXTENSIONS__ 1
| #define _ALL_SOURCE 1
| #define _GNU_SOURCE 1
| #define _POSIX_PTHREAD_SEMANTICS 1
| #define _TANDEM_SOURCE 1
| /* end confdefs.h.  */
| #include <sys/types.h>
|  /* Check that off_t can represent 2**63 - 1 correctly.
|     We can't simply define LARGE_OFF_T to be 9223372036854775807,
|     since some C++ compilers masquerading as C compilers
|     incorrectly reject 9223372036854775807.  */
| #define LARGE_OFF_T (((off_t) 1 << 62) - 1 + ((off_t) 1 << 62))
|   int off_t_is_large[(LARGE_OFF_T % 2147483629 == 721
| 		       && LARGE_OFF_T % 2147483647 == 1)
| 		      ? 1 : -1];
| int
| main ()
| {
| 
|   ;
|   return 0;
| }
configure:4974: gcc -c -g -O2  conftest.c >&5
configure:4974: $? = 0
configure:4982: result: 64
configure:5130: checking build system type
configure:5144: result: i686-pc-linux-gnu
configure:5164: checking host system type
configure:5177: result: i686-pc-linux-gnu
configure:5218: checking how to print strings
configure:5245: result: printf
configure:5266: checking for a sed that does not truncate output
configure:5330: result: /bin/sed
configure:5348: checking for fgrep
configure:5410: result: /bin/grep -F
configure:5445: checking for ld used by gcc
configure:5512: result: /usr/bin/ld
configure:5519: checking if the linker (/usr/bin/ld) is GNU ld
configure:5534: result: yes
configure:5546: checking for BSD- or MS-compatible name lister (nm)
configure:5595: result: /usr/bin/nm -B
configure:5725: checking the name lister (/usr/bin/nm -B) interface
configure:5732: gcc -c -g -O2  conftest.c >&5
configure:5735: /usr/bin/nm -B "conftest.o"
configure:5738: output
00000000 B some_variable
configure:5745: result: BSD nm
configure:5748: checking whether ln -s works
configure:5752: result: yes
configure:5760: checking the maximum length of command line arguments
configure:5885: result: 1572864
configure:5902: checking whether the shell understands some XSI constructs
configure:5912: result: yes
configure:5916: checking whether the shell understands "+="
configure:5922: result: yes
configure:5957: checking how to convert i686-pc-linux-gnu file names to i686-pc-linux-gnu format
configure:5997: result: func_convert_file_noop
configure:6004: checking how to convert i686-pc-linux-gnu file names to toolchain format
configure:6024: result: func_convert_file_noop
configure:6031: checking for /usr/bin/ld option to reload object files
configure:6038: result: -r
configure:6112: checking for objdump
configure:6128: found /usr/bin/objdump
configure:6139: result: objdump
configure:6171: checking how to recognize dependent libraries
configure:6373: result: pass_all
configure:6458: checking for dlltool
configure:6488: result: no
configure:6518: checking how to associate runtime and link libraries
configure:6545: result: printf %s\n
configure:6605: checking for ar
configure:6621: found /usr/bin/ar
configure:6632: result: ar
configure:6669: checking for archiver @FILE support
configure:6686: gcc -c -g -O2  conftest.c >&5
configure:6686: $? = 0
configure:6689: ar cru libconftest.a @conftest.lst >&5
configure:6692: $? = 0
configure:6697: ar cru libconftest.a @conftest.lst >&5
ar: conftest.o: No such file or directory
configure:6700: $? = 1
configure:6712: result: @
configure:6770: checking for strip
configure:6786: found /usr/bin/strip
configure:6797: result: strip
configure:6869: checking for ranlib
configure:6885: found /usr/bin/ranlib
configure:6896: result: ranlib
configure:6998: checking command to parse /usr/bin/nm -B output from gcc object
configure:7117: gcc -c -g -O2  conftest.c >&5
configure:7120: $? = 0
configure:7124: /usr/bin/nm -B conftest.o \| sed -n -e 's/^.*[ ]\([ABCDGIRSTW][ABCDGIRSTW]*\)[ ][ ]*\([_A-Za-z][_A-Za-z0-9]*\)$/\1 \2 \2/p' | sed '/ __gnu_lto/d' \> conftest.nm
configure:7127: $? = 0
configure:7193: gcc -o conftest -g -O2   conftest.c conftstm.o >&5
configure:7196: $? = 0
configure:7234: result: ok
configure:7271: checking for sysroot
configure:7301: result: no
configure:7544: checking for mt
configure:7560: found /bin/mt
configure:7571: result: mt
configure:7594: checking if mt is a manifest tool
configure:7600: mt '-?'
configure:7608: result: no
configure:8237: checking for dlfcn.h
configure:8237: gcc -c -g -O2  conftest.c >&5
configure:8237: $? = 0
configure:8237: result: yes
configure:8403: checking for objdir
configure:8418: result: .libs
configure:8685: checking if gcc supports -fno-rtti -fno-exceptions
configure:8703: gcc -c -g -O2  -fno-rtti -fno-exceptions conftest.c >&5
cc1: warning: command line option '-fno-rtti' is valid for C++/ObjC++ but not for C [enabled by default]
configure:8707: $? = 0
configure:8720: result: no
configure:9030: checking for gcc option to produce PIC
configure:9037: result: -fPIC -DPIC
configure:9045: checking if gcc PIC flag -fPIC -DPIC works
configure:9063: gcc -c -g -O2  -fPIC -DPIC -DPIC conftest.c >&5
configure:9067: $? = 0
configure:9080: result: yes
configure:9109: checking if gcc static flag -static works
configure:9137: result: yes
configure:9152: checking if gcc supports -c -o file.o
configure:9173: gcc -c -g -O2  -o out/conftest2.o conftest.c >&5
configure:9177: $? = 0
configure:9199: result: yes
configure:9207: checking if gcc supports -c -o file.o
configure:9254: result: yes
configure:9287: checking whether the gcc linker (/usr/bin/ld) supports shared libraries
configure:10449: result: yes
configure:10486: checking whether -lc should be explicitly linked in
configure:10494: gcc -c -g -O2  conftest.c >&5
configure:10497: $? = 0
configure:10512: gcc -shared  -fPIC -DPIC conftest.o  -v -Wl,-soname -Wl,conftest -o conftest 2\>\&1 \| /bin/grep  -lc  \>/dev/null 2\>\&1
configure:10515: $? = 0
configure:10529: result: no
configure:10694: checking dynamic linker characteristics
configure:11209: gcc -o conftest -g -O2   -Wl,-rpath -Wl,/foo conftest.c  >&5
configure:11209: $? = 0
configure:11443: result: GNU/Linux ld.so
configure:11550: checking how to hardcode library paths into programs
configure:11575: result: immediate
configure:11669: checking for shl_load
configure:11669: gcc -o conftest -g -O2   conftest.c  >&5
/tmp/cca1g706.o: In function `main':
/home/openflow/nox11oflib/conftest.c:65: undefined reference to `shl_load'
collect2: ld returned 1 exit status
configure:11669: $? = 1
configure: failed program was:
| /* confdefs.h */
| #define PACKAGE_NAME "nox"
| #define PACKAGE_TARNAME "nox"
| #define PACKAGE_VERSION "0.9.0(zaku)~full~beta"
| #define PACKAGE_STRING "nox 0.9.0(zaku)~full~beta"
| #define PACKAGE_BUGREPORT "contact@noxrepo.org"
| #define PACKAGE_URL ""
| #define BUILDNR 0
| #define BUILDNR_SUFFIX ""
| #define PACKAGE "nox"
| #define VERSION "0.9.0(zaku)~full~beta"
| #define STDC_HEADERS 1
| #define HAVE_SYS_TYPES_H 1
| #define HAVE_SYS_STAT_H 1
| #define HAVE_STDLIB_H 1
| #define HAVE_STRING_H 1
| #define HAVE_MEMORY_H 1
| #define HAVE_STRINGS_H 1
| #define HAVE_INTTYPES_H 1
| #define HAVE_STDINT_H 1
| #define HAVE_UNISTD_H 1
| #define __EXTENSIONS__ 1
| #define _ALL_SOURCE 1
| #define _GNU_SOURCE 1
| #define _POSIX_PTHREAD_SEMANTICS 1
| #define _TANDEM_SOURCE 1
| #define _FILE_OFFSET_BITS 64
| #define HAVE_DLFCN_H 1
| #define LT_OBJDIR ".libs/"
| /* end confdefs.h.  */
| /* Define shl_load to an innocuous variant, in case <limits.h> declares shl_load.
|    For example, HP-UX 11i <limits.h> declares gettimeofday.  */
| #define shl_load innocuous_shl_load
| 
| /* System header to define __stub macros and hopefully few prototypes,
|     which can conflict with char shl_load (); below.
|     Prefer <limits.h> to <assert.h> if __STDC__ is defined, since
|     <limits.h> exists even on freestanding compilers.  */
| 
| #ifdef __STDC__
| # include <limits.h>
| #else
| # include <assert.h>
| #endif
| 
| #undef shl_load
| 
| /* Override any GCC internal prototype to avoid an error.
|    Use char because int might match the return type of a GCC
|    builtin and then its argument prototype would still apply.  */
| #ifdef __cplusplus
| extern "C"
| #endif
| char shl_load ();
| /* The GNU C library defines this for functions which it implements
|     to always fail with ENOSYS.  Some functions are actually named
|     something starting with __ and the normal name is an alias.  */
| #if defined __stub_shl_load || defined __stub___shl_load
| choke me
| #endif
| 
| int
| main ()
| {
| return shl_load ();
|   ;
|   return 0;
| }
configure:11669: result: no
configure:11673: checking for shl_load in -ldld
configure:11698: gcc -o conftest -g -O2   conftest.c -ldld   >&5
/usr/bin/ld: cannot find -ldld
collect2: ld returned 1 exit status
configure:11698: $? = 1
configure: failed program was:
| /* confdefs.h */
| #define PACKAGE_NAME "nox"
| #define PACKAGE_TARNAME "nox"
| #define PACKAGE_VERSION "0.9.0(zaku)~full~beta"
| #define PACKAGE_STRING "nox 0.9.0(zaku)~full~beta"
| #define PACKAGE_BUGREPORT "contact@noxrepo.org"
| #define PACKAGE_URL ""
| #define BUILDNR 0
| #define BUILDNR_SUFFIX ""
| #define PACKAGE "nox"
| #define VERSION "0.9.0(zaku)~full~beta"
| #define STDC_HEADERS 1
| #define HAVE_SYS_TYPES_H 1
| #define HAVE_SYS_STAT_H 1
| #define HAVE_STDLIB_H 1
| #define HAVE_STRING_H 1
| #define HAVE_MEMORY_H 1
| #define HAVE_STRINGS_H 1
| #define HAVE_INTTYPES_H 1
| #define HAVE_STDINT_H 1
| #define HAVE_UNISTD_H 1
| #define __EXTENSIONS__ 1
| #define _ALL_SOURCE 1
| #define _GNU_SOURCE 1
| #define _POSIX_PTHREAD_SEMANTICS 1
| #define _TANDEM_SOURCE 1
| #define _FILE_OFFSET_BITS 64
| #define HAVE_DLFCN_H 1
| #define LT_OBJDIR ".libs/"
| /* end confdefs.h.  */
| 
| /* Override any GCC internal prototype to avoid an error.
|    Use char because int might match the return type of a GCC
|    builtin and then its argument prototype would still apply.  */
| #ifdef __cplusplus
| extern "C"
| #endif
| char shl_load ();
| int
| main ()
| {
| return shl_load ();
|   ;
|   return 0;
| }
configure:11707: result: no
configure:11712: checking for dlopen
configure:11712: gcc -o conftest -g -O2   conftest.c  >&5
/tmp/cc9Cm9Pw.o: In function `main':
/home/openflow/nox11oflib/conftest.c:65: undefined reference to `dlopen'
collect2: ld returned 1 exit status
configure:11712: $? = 1
configure: failed program was:
| /* confdefs.h */
| #define PACKAGE_NAME "nox"
| #define PACKAGE_TARNAME "nox"
| #define PACKAGE_VERSION "0.9.0(zaku)~full~beta"
| #define PACKAGE_STRING "nox 0.9.0(zaku)~full~beta"
| #define PACKAGE_BUGREPORT "contact@noxrepo.org"
| #define PACKAGE_URL ""
| #define BUILDNR 0
| #define BUILDNR_SUFFIX ""
| #define PACKAGE "nox"
| #define VERSION "0.9.0(zaku)~full~beta"
| #define STDC_HEADERS 1
| #define HAVE_SYS_TYPES_H 1
| #define HAVE_SYS_STAT_H 1
| #define HAVE_STDLIB_H 1
| #define HAVE_STRING_H 1
| #define HAVE_MEMORY_H 1
| #define HAVE_STRINGS_H 1
| #define HAVE_INTTYPES_H 1
| #define HAVE_STDINT_H 1
| #define HAVE_UNISTD_H 1
| #define __EXTENSIONS__ 1
| #define _ALL_SOURCE 1
| #define _GNU_SOURCE 1
| #define _POSIX_PTHREAD_SEMANTICS 1
| #define _TANDEM_SOURCE 1
| #define _FILE_OFFSET_BITS 64
| #define HAVE_DLFCN_H 1
| #define LT_OBJDIR ".libs/"
| /* end confdefs.h.  */
| /* Define dlopen to an innocuous variant, in case <limits.h> declares dlopen.
|    For example, HP-UX 11i <limits.h> declares gettimeofday.  */
| #define dlopen innocuous_dlopen
| 
| /* System header to define __stub macros and hopefully few prototypes,
|     which can conflict with char dlopen (); below.
|     Prefer <limits.h> to <assert.h> if __STDC__ is defined, since
|     <limits.h> exists even on freestanding compilers.  */
| 
| #ifdef __STDC__
| # include <limits.h>
| #else
| # include <assert.h>
| #endif
| 
| #undef dlopen
| 
| /* Override any GCC internal prototype to avoid an error.
|    Use char because int might match the return type of a GCC
|    builtin and then its argument prototype would still apply.  */
| #ifdef __cplusplus
| extern "C"
| #endif
| char dlopen ();
| /* The GNU C library defines this for functions which it implements
|     to always fail with ENOSYS.  Some functions are actually named
|     something starting with __ and the normal name is an alias.  */
| #if defined __stub_dlopen || defined __stub___dlopen
| choke me
| #endif
| 
| int
| main ()
| {
| return dlopen ();
|   ;
|   return 0;
| }
configure:11712: result: no
configure:11716: checking for dlopen in -ldl
configure:11741: gcc -o conftest -g -O2   conftest.c -ldl   >&5
configure:11741: $? = 0
configure:11750: result: yes
configure:11869: checking whether a program can dlopen itself
configure:11949: gcc -o conftest -g -O2  -DHAVE_DLFCN_H  -Wl,--export-dynamic conftest.c -ldl  >&5
configure:11952: $? = 0
configure:11970: result: yes
configure:11975: checking whether a statically linked program can dlopen itself
configure:12055: gcc -o conftest -g -O2  -DHAVE_DLFCN_H  -Wl,--export-dynamic -static conftest.c -ldl  >&5
/tmp/ccJBOsHZ.o: In function `main':
/home/openflow/nox11oflib/configure:12034: warning: Using 'dlopen' in statically linked applications requires at runtime the shared libraries from the glibc version used for linking
/usr/bin/ld: dynamic STT_GNU_IFUNC symbol `strcmp' with pointer equality in `/usr/lib/gcc/i686-linux-gnu/4.6.1/../../../i386-linux-gnu/libc.a(strcmp.o)' can not be used when making an executable; recompile with -fPIE and relink with -pie
collect2: ld returned 1 exit status
configure:12058: $? = 1
configure:12076: result: no
configure:12115: checking whether stripping libraries is possible
configure:12120: result: yes
configure:12155: checking if libtool supports shared libraries
configure:12157: result: yes
configure:12160: checking whether to build shared libraries
configure:12181: result: yes
configure:12184: checking whether to build static libraries
configure:12188: result: no
configure:12211: checking how to run the C++ preprocessor
configure:12238: g++ -E  conftest.cpp
configure:12238: $? = 0
configure:12252: g++ -E  conftest.cpp
conftest.cpp:31:28: fatal error: ac_nonexistent.h: No such file or directory
compilation terminated.
configure:12252: $? = 1
configure: failed program was:
| /* confdefs.h */
| #define PACKAGE_NAME "nox"
| #define PACKAGE_TARNAME "nox"
| #define PACKAGE_VERSION "0.9.0(zaku)~full~beta"
| #define PACKAGE_STRING "nox 0.9.0(zaku)~full~beta"
| #define PACKAGE_BUGREPORT "contact@noxrepo.org"
| #define PACKAGE_URL ""
| #define BUILDNR 0
| #define BUILDNR_SUFFIX ""
| #define PACKAGE "nox"
| #define VERSION "0.9.0(zaku)~full~beta"
| #define STDC_HEADERS 1
| #define HAVE_SYS_TYPES_H 1
| #define HAVE_SYS_STAT_H 1
| #define HAVE_STDLIB_H 1
| #define HAVE_STRING_H 1
| #define HAVE_MEMORY_H 1
| #define HAVE_STRINGS_H 1
| #define HAVE_INTTYPES_H 1
| #define HAVE_STDINT_H 1
| #define HAVE_UNISTD_H 1
| #define __EXTENSIONS__ 1
| #define _ALL_SOURCE 1
| #define _GNU_SOURCE 1
| #define _POSIX_PTHREAD_SEMANTICS 1
| #define _TANDEM_SOURCE 1
| #define _FILE_OFFSET_BITS 64
| #define HAVE_DLFCN_H 1
| #define LT_OBJDIR ".libs/"
| /* end confdefs.h.  */
| #include <ac_nonexistent.h>
configure:12277: result: g++ -E
configure:12297: g++ -E  conftest.cpp
configure:12297: $? = 0
configure:12311: g++ -E  conftest.cpp
conftest.cpp:31:28: fatal error: ac_nonexistent.h: No such file or directory
compilation terminated.
configure:12311: $? = 1
configure: failed program was:
| /* confdefs.h */
| #define PACKAGE_NAME "nox"
| #define PACKAGE_TARNAME "nox"
| #define PACKAGE_VERSION "0.9.0(zaku)~full~beta"
| #define PACKAGE_STRING "nox 0.9.0(zaku)~full~beta"
| #define PACKAGE_BUGREPORT "contact@noxrepo.org"
| #define PACKAGE_URL ""
| #define BUILDNR 0
| #define BUILDNR_SUFFIX ""
| #define PACKAGE "nox"
| #define VERSION "0.9.0(zaku)~full~beta"
| #define STDC_HEADERS 1
| #define HAVE_SYS_TYPES_H 1
| #define HAVE_SYS_STAT_H 1
| #define HAVE_STDLIB_H 1
| #define HAVE_STRING_H 1
| #define HAVE_MEMORY_H 1
| #define HAVE_STRINGS_H 1
| #define HAVE_INTTYPES_H 1
| #define HAVE_STDINT_H 1
| #define HAVE_UNISTD_H 1
| #define __EXTENSIONS__ 1
| #define _ALL_SOURCE 1
| #define _GNU_SOURCE 1
| #define _POSIX_PTHREAD_SEMANTICS 1
| #define _TANDEM_SOURCE 1
| #define _FILE_OFFSET_BITS 64
| #define HAVE_DLFCN_H 1
| #define LT_OBJDIR ".libs/"
| /* end confdefs.h.  */
| #include <ac_nonexistent.h>
configure:12481: checking for ld used by g++
configure:12548: result: /usr/bin/ld
configure:12555: checking if the linker (/usr/bin/ld) is GNU ld
configure:12570: result: yes
configure:12625: checking whether the g++ linker (/usr/bin/ld) supports shared libraries
configure:13629: result: yes
configure:13664: g++ -c -g -O2  conftest.cpp >&5
configure:13667: $? = 0
configure:14187: checking for g++ option to produce PIC
configure:14194: result: -fPIC -DPIC
configure:14202: checking if g++ PIC flag -fPIC -DPIC works
configure:14220: g++ -c -g -O2  -fPIC -DPIC -DPIC conftest.cpp >&5
configure:14224: $? = 0
configure:14237: result: yes
configure:14260: checking if g++ static flag -static works
configure:14288: result: yes
configure:14300: checking if g++ supports -c -o file.o
configure:14321: g++ -c -g -O2  -o out/conftest2.o conftest.cpp >&5
configure:14325: $? = 0
configure:14347: result: yes
configure:14352: checking if g++ supports -c -o file.o
configure:14399: result: yes
configure:14429: checking whether the g++ linker (/usr/bin/ld) supports shared libraries
configure:14466: result: yes
configure:14609: checking dynamic linker characteristics
configure:15292: result: GNU/Linux ld.so
configure:15345: checking how to hardcode library paths into programs
configure:15370: result: immediate
configure:15458: checking for fdatasync
configure:15458: gcc -o conftest -g -O2   conftest.c  >&5
configure:15458: $? = 0
configure:15458: result: yes
configure:15458: checking for ppoll
configure:15458: gcc -o conftest -g -O2   conftest.c  >&5
configure:15458: $? = 0
configure:15458: result: yes
configure:15501: checking for boostlib >= 1.34.1
configure:15551: g++ -c -g -O2  -I/usr/include conftest.cpp >&5
configure:15551: $? = 0
configure:15553: result: yes
configure:15718: checking whether the Boost::System library is available
configure:15742: g++ -c -g -O2  -I/usr/include conftest.cpp >&5
configure:15742: $? = 0
configure:15757: result: yes
configure:15772: checking for exit in -lboost_system-mt
configure:15797: gcc -o conftest -g -O2  -I/usr/include  -L/usr/lib conftest.c -lboost_system-mt   >&5
conftest.c:42:6: warning: conflicting types for built-in function 'exit' [enabled by default]
configure:15797: $? = 0
configure:15807: result: yes
configure:15956: checking whether the Boost::Filesystem library is available
configure:15980: g++ -c -g -O2  -I/usr/include conftest.cpp >&5
configure:15980: $? = 0
configure:15994: result: yes
configure:16005: checking for exit in -lboost_filesystem-mt
configure:16030: gcc -o conftest -g -O2  -I/usr/include  -L/usr/lib conftest.c -lboost_filesystem-mt   >&5
conftest.c:43:6: warning: conflicting types for built-in function 'exit' [enabled by default]
configure:16030: $? = 0
configure:16040: result: yes
configure:16162: checking pcap.h usability
configure:16162: gcc -c -g -O2  conftest.c >&5
configure:16162: $? = 0
configure:16162: result: yes
configure:16162: checking pcap.h presence
configure:16162: gcc -E  conftest.c
configure:16162: $? = 0
configure:16162: result: yes
configure:16162: checking for pcap.h
configure:16162: result: yes
configure:16187: checking openssl/md5.h usability
configure:16187: gcc -c -g -O2  conftest.c >&5
configure:16187: $? = 0
configure:16187: result: yes
configure:16187: checking openssl/md5.h presence
configure:16187: gcc -E  conftest.c
configure:16187: $? = 0
configure:16187: result: yes
configure:16187: checking for openssl/md5.h
configure:16187: result: yes
configure:16196: checking for MD5_Init in -lssl
configure:16221: gcc -o conftest -g -O2   conftest.c -lssl   >&5
/tmp/ccnCewYp.o: In function `main':
/home/openflow/nox11oflib/conftest.c:48: undefined reference to `MD5_Init'
collect2: ld returned 1 exit status
configure:16221: $? = 1
configure: failed program was:
| /* confdefs.h */
| #define PACKAGE_NAME "nox"
| #define PACKAGE_TARNAME "nox"
| #define PACKAGE_VERSION "0.9.0(zaku)~full~beta"
| #define PACKAGE_STRING "nox 0.9.0(zaku)~full~beta"
| #define PACKAGE_BUGREPORT "contact@noxrepo.org"
| #define PACKAGE_URL ""
| #define BUILDNR 0
| #define BUILDNR_SUFFIX ""
| #define PACKAGE "nox"
| #define VERSION "0.9.0(zaku)~full~beta"
| #define STDC_HEADERS 1
| #define HAVE_SYS_TYPES_H 1
| #define HAVE_SYS_STAT_H 1
| #define HAVE_STDLIB_H 1
| #define HAVE_STRING_H 1
| #define HAVE_MEMORY_H 1
| #define HAVE_STRINGS_H 1
| #define HAVE_INTTYPES_H 1
| #define HAVE_STDINT_H 1
| #define HAVE_UNISTD_H 1
| #define __EXTENSIONS__ 1
| #define _ALL_SOURCE 1
| #define _GNU_SOURCE 1
| #define _POSIX_PTHREAD_SEMANTICS 1
| #define _TANDEM_SOURCE 1
| #define _FILE_OFFSET_BITS 64
| #define HAVE_DLFCN_H 1
| #define LT_OBJDIR ".libs/"
| #define HAVE_FDATASYNC 1
| #define HAVE_PPOLL 1
| #define HAVE_BOOST /**/
| #define HAVE_BOOST_SYSTEM /**/
| #define HAVE_BOOST_FILESYSTEM /**/
| #define HAVE_PCAP 1
| /* end confdefs.h.  */
| 
| /* Override any GCC internal prototype to avoid an error.
|    Use char because int might match the return type of a GCC
|    builtin and then its argument prototype would still apply.  */
| #ifdef __cplusplus
| extern "C"
| #endif
| char MD5_Init ();
| int
| main ()
| {
| return MD5_Init ();
|   ;
|   return 0;
| }
configure:16230: result: no
configure:16236: checking for MD5_Init in -lcrypto
configure:16261: gcc -o conftest -g -O2   conftest.c -lcrypto   >&5
configure:16261: $? = 0
configure:16270: result: yes
configure:16282: checking for openssl
configure:16298: found /usr/bin/openssl
configure:16310: result: yes
configure:16320: checking if SSL_CTX_new() can take a const argument
configure:16341: g++ -c -g -O2  conftest.cpp >&5
configure:16341: $? = 0
configure:16343: result: yes
configure:16436: checking for linux/netlink.h
configure:16436: gcc -c -g -O2  conftest.c >&5
configure:16436: $? = 0
configure:16436: result: yes
configure:16461: checking whether thread-local storage with __thread is supported
configure:16480: gcc -o conftest -g -O2   conftest.c  >&5
configure:16480: $? = 0
configure:16481: result: yes
configure:16535: checking whether libc supports hooks for malloc and related functions
configure:16554: gcc -c -g -O2  conftest.c >&5
configure:16554: $? = 0
configure:16561: result: yes
configure:16572: checking for sphinx-build
configure:16605: result: no
configure:16611: WARNING: cannot find sphinx-build. While not build documentation
configure:16626: checking for doxygen
configure:16659: result: no
configure:16665: WARNING: cannot find doxygen. Will not build source documentation
configure:16742: checking for python
configure:16760: found /usr/bin/python
configure:16772: result: /usr/bin/python
configure:16788: checking for a version of Python >= '2.1.0'
configure:16814: result: yes
configure:16822: checking for a version of Python >='2.5'
configure:16828: result: yes
configure:16845: checking for the distutils Python package
configure:16849: result: yes
configure:16863: checking for Python include path
configure:16873: result: -I/usr/include/python2.7
configure:16880: checking for Python library path
configure:16902: result: -L/usr/lib/python2.7/config -lpython2.7
configure:16909: checking for Python site-packages path
configure:16915: result: /usr/lib/python2.7/dist-packages
configure:16922: checking python extra libraries
configure:16930: result: -lssl -lcrypto  -lssl -lcrypto      -L/usr/lib -lz -lpthread -ldl  -lutil -lm
configure:16937: checking python extra linking flags
configure:16944: result: -Xlinker -export-dynamic -Wl,-O1 -Wl,-Bsymbolic-functions
configure:16951: checking consistency of all components of python development environment
configure:16977: gcc -o conftest -g -O2  -I/usr/include/python2.7  conftest.c  -L/usr/lib/python2.7/config -lpython2.7 -lssl -lcrypto  -lssl -lcrypto      -L/usr/lib -lz -lpthread -ldl  -lutil -lm >&5
configure:16977: $? = 0
configure:16985: result: yes
configure:17017: checking whether twisted python is installed
configure:17028: result: yes
configure:17052: checking for swig
configure:17070: found /usr/bin/swig
configure:17082: result: /usr/bin/swig
configure:17095: checking for SWIG version
configure:17098: result: 1.3.40
configure:17140: SWIG executable is '/usr/bin/swig'
configure:17143: SWIG library directory is '/usr/share/swig1.3'
configure:17163: checking for SWIG 64-bit support
configure:17182: result: no
configure:17233: checking whether the Boost::Unit_Test_Framework library is available
configure:17256: g++ -c -g -O2  -I/usr/include conftest.cpp >&5
configure:17256: $? = 0
configure:17270: result: yes
configure:17283: checking for exit in -lboost_unit_test_framework-mt
configure:17308: gcc -o conftest -g -O2  -I/usr/include  -L/usr/lib conftest.c -lboost_unit_test_framework-mt   >&5
conftest.c:52:6: warning: conflicting types for built-in function 'exit' [enabled by default]
configure:17308: $? = 0
configure:17318: result: yes
configure:17633: creating ./config.status

## ---------------------- ##
## Running config.status. ##
## ---------------------- ##

This file was extended by nox config.status 0.9.0(zaku)~full~beta, which was
generated by GNU Autoconf 2.68.  Invocation command line was

  CONFIG_FILES    = 
  CONFIG_HEADERS  = 
  CONFIG_LINKS    = 
  CONFIG_COMMANDS = 
  $ ./config.status 

on mininet-vm

config.status:1246: creating src/include/Makefile
config.status:1246: creating src/tests/Makefile
config.status:1246: creating src/builtin/Makefile
config.status:1246: creating src/oflib/Makefile
config.status:1246: creating src/utilities/Makefile
config.status:1246: creating src/Makefile
config.status:1246: creating src/nox/coreapps/testharness/Makefile
config.status:1246: creating src/nox/coreapps/switch/Makefile
config.status:1246: creating src/nox/coreapps/butterfly_app/Makefile
config.status:1246: creating src/nox/coreapps/messenger/Makefile
config.status:1246: creating src/nox/coreapps/Makefile
config.status:1246: creating src/nox/coreapps/hub/Makefile
config.status:1246: creating src/nox/Makefile
config.status:1246: creating src/nox/netapps/Makefile
config.status:1246: creating src/nox/netapps/discovery/Makefile
config.status:1246: creating src/lib/Makefile
config.status:1246: creating src/oflib-exp/Makefile
config.status:1246: creating src/etc/Makefile
config.status:1246: creating doc/doxygen/Makefile
config.status:1246: creating doc/Makefile
config.status:1246: creating doc/manual/Makefile
config.status:1246: creating man/man5/Makefile
config.status:1246: creating man/man1/Makefile
config.status:1246: creating man/Makefile
config.status:1246: creating Makefile
config.status:1246: creating doc/doxygen/doxygen.conf
config.status:1246: creating config.h
config.status:1475: executing depfiles commands
config.status:1475: executing libtool commands

## ---------------- ##
## Cache variables. ##
## ---------------- ##

ac_cv_build=i686-pc-linux-gnu
ac_cv_c_compiler_gnu=yes
ac_cv_cxx_compiler_gnu=yes
ac_cv_env_CCC_set=
ac_cv_env_CCC_value=
ac_cv_env_CC_set=
ac_cv_env_CC_value=
ac_cv_env_CFLAGS_set=
ac_cv_env_CFLAGS_value=
ac_cv_env_CPPFLAGS_set=
ac_cv_env_CPPFLAGS_value=
ac_cv_env_CPP_set=
ac_cv_env_CPP_value=
ac_cv_env_CXXCPP_set=
ac_cv_env_CXXCPP_value=
ac_cv_env_CXXFLAGS_set=
ac_cv_env_CXXFLAGS_value=
ac_cv_env_CXX_set=
ac_cv_env_CXX_value=
ac_cv_env_LDFLAGS_set=
ac_cv_env_LDFLAGS_value=
ac_cv_env_LIBS_set=
ac_cv_env_LIBS_value=
ac_cv_env_PYTHON_VERSION_set=
ac_cv_env_PYTHON_VERSION_value=
ac_cv_env_build_alias_set=
ac_cv_env_build_alias_value=
ac_cv_env_host_alias_set=
ac_cv_env_host_alias_value=
ac_cv_env_target_alias_set=
ac_cv_env_target_alias_value=
ac_cv_func_dlopen=no
ac_cv_func_fdatasync=yes
ac_cv_func_ppoll=yes
ac_cv_func_shl_load=no
ac_cv_header_dlfcn_h=yes
ac_cv_header_inttypes_h=yes
ac_cv_header_linux_netlink_h=yes
ac_cv_header_memory_h=yes
ac_cv_header_minix_config_h=no
ac_cv_header_openssl_md5_h=yes
ac_cv_header_pcap_h=yes
ac_cv_header_stdc=yes
ac_cv_header_stdint_h=yes
ac_cv_header_stdlib_h=yes
ac_cv_header_string_h=yes
ac_cv_header_strings_h=yes
ac_cv_header_sys_stat_h=yes
ac_cv_header_sys_types_h=yes
ac_cv_header_unistd_h=yes
ac_cv_host=i686-pc-linux-gnu
ac_cv_lib_boost_filesystem_mt___exit=yes
ac_cv_lib_boost_system_mt___exit=yes
ac_cv_lib_boost_unit_test_framework_mt___exit=yes
ac_cv_lib_crypto_MD5_Init=yes
ac_cv_lib_dl_dlopen=yes
ac_cv_lib_dld_shl_load=no
ac_cv_lib_ssl_MD5_Init=no
ac_cv_objext=o
ac_cv_path_EGREP='/bin/grep -E'
ac_cv_path_FGREP='/bin/grep -F'
ac_cv_path_GREP=/bin/grep
ac_cv_path_PYTHON=/usr/bin/python
ac_cv_path_SED=/bin/sed
ac_cv_path_SWIG=/usr/bin/swig
ac_cv_path_install='/usr/bin/install -c'
ac_cv_path_mkdir=/bin/mkdir
ac_cv_prog_AWK=mawk
ac_cv_prog_CPP='gcc -E'
ac_cv_prog_CXXCPP='g++ -E'
ac_cv_prog_OPENSSL_PROG=yes
ac_cv_prog_ac_ct_AR=ar
ac_cv_prog_ac_ct_CC=gcc
ac_cv_prog_ac_ct_CXX=g++
ac_cv_prog_ac_ct_MANIFEST_TOOL=mt
ac_cv_prog_ac_ct_OBJDUMP=objdump
ac_cv_prog_ac_ct_RANLIB=ranlib
ac_cv_prog_ac_ct_STRIP=strip
ac_cv_prog_cc_c89=
ac_cv_prog_cc_g=yes
ac_cv_prog_cxx_g=yes
ac_cv_prog_make_make_set=yes
ac_cv_safe_to_define___extensions__=yes
ac_cv_sys_file_offset_bits=64
ac_cv_sys_largefile_CC=no
am_cv_CC_dependencies_compiler_type=gcc3
am_cv_CXX_dependencies_compiler_type=gcc3
am_cv_prog_tar_ustar=gnutar
ax_cv_boost_filesystem=yes
ax_cv_boost_system=yes
ax_cv_boost_unit_test_framework=yes
lt_cv_ar_at_file=@
lt_cv_archive_cmds_need_lc=no
lt_cv_deplibs_check_method=pass_all
lt_cv_dlopen=dlopen
lt_cv_dlopen_libs=-ldl
lt_cv_dlopen_self=yes
lt_cv_dlopen_self_static=no
lt_cv_file_magic_cmd='$MAGIC_CMD'
lt_cv_file_magic_test_file=
lt_cv_ld_reload_flag=-r
lt_cv_nm_interface='BSD nm'
lt_cv_objdir=.libs
lt_cv_path_LD=/usr/bin/ld
lt_cv_path_LDCXX=/usr/bin/ld
lt_cv_path_NM='/usr/bin/nm -B'
lt_cv_path_mainfest_tool=no
lt_cv_prog_compiler_c_o=yes
lt_cv_prog_compiler_c_o_CXX=yes
lt_cv_prog_compiler_pic='-fPIC -DPIC'
lt_cv_prog_compiler_pic_CXX='-fPIC -DPIC'
lt_cv_prog_compiler_pic_works=yes
lt_cv_prog_compiler_pic_works_CXX=yes
lt_cv_prog_compiler_rtti_exceptions=no
lt_cv_prog_compiler_static_works=yes
lt_cv_prog_compiler_static_works_CXX=yes
lt_cv_prog_gnu_ld=yes
lt_cv_prog_gnu_ldcxx=yes
lt_cv_sharedlib_from_linklib_cmd='printf %s\n'
lt_cv_shlibpath_overrides_runpath=no
lt_cv_sys_global_symbol_pipe='sed -n -e '\''s/^.*[	 ]\([ABCDGIRSTW][ABCDGIRSTW]*\)[	 ][	 ]*\([_A-Za-z][_A-Za-z0-9]*\)$/\1 \2 \2/p'\'' | sed '\''/ __gnu_lto/d'\'''
lt_cv_sys_global_symbol_to_c_name_address='sed -n -e '\''s/^: \([^ ]*\)[ ]*$/  {\"\1\", (void *) 0},/p'\'' -e '\''s/^[ABCDGIRSTW]* \([^ ]*\) \([^ ]*\)$/  {"\2", (void *) \&\2},/p'\'''
lt_cv_sys_global_symbol_to_c_name_address_lib_prefix='sed -n -e '\''s/^: \([^ ]*\)[ ]*$/  {\"\1\", (void *) 0},/p'\'' -e '\''s/^[ABCDGIRSTW]* \([^ ]*\) \(lib[^ ]*\)$/  {"\2", (void *) \&\2},/p'\'' -e '\''s/^[ABCDGIRSTW]* \([^ ]*\) \([^ ]*\)$/  {"lib\2", (void *) \&\2},/p'\'''
lt_cv_sys_global_symbol_to_cdecl='sed -n -e '\''s/^T .* \(.*\)$/extern int \1();/p'\'' -e '\''s/^[ABCDGIRSTW]* .* \(.*\)$/extern char \1;/p'\'''
lt_cv_sys_max_cmd_len=1572864
lt_cv_to_host_file_cmd=func_convert_file_noop
lt_cv_to_tool_file_cmd=func_convert_file_noop
ofp_cv_malloc_hooks=yes

## ----------------- ##
## Output variables. ##
## ----------------- ##

ACLOCAL='${SHELL} /home/openflow/nox11oflib/config/missing --run aclocal-1.11'
ACTIVE_PACKAGES='  coreapps  netapps'
AMDEPBACKSLASH='\'
AMDEP_FALSE='#'
AMDEP_TRUE=''
AMTAR='${SHELL} /home/openflow/nox11oflib/config/missing --run tar'
AR='ar'
AUTOCONF='${SHELL} /home/openflow/nox11oflib/config/missing --run autoconf'
AUTOHEADER='${SHELL} /home/openflow/nox11oflib/config/missing --run autoheader'
AUTOMAKE='${SHELL} /home/openflow/nox11oflib/config/missing --run automake-1.11'
AWK='mawk'
BOOST_CPPFLAGS='-I/usr/include'
BOOST_FILESYSTEM_LIB='-lboost_filesystem-mt'
BOOST_LDFLAGS='-L/usr/lib'
BOOST_SYSTEM_LIB='-lboost_system-mt'
BOOST_UNIT_TEST_FRAMEWORK_LIB='-lboost_unit_test_framework-mt'
BUILDNR='0'
BUILDNR_SUFFIX=''
CC='gcc'
CCDEPMODE='depmode=gcc3'
CFLAGS='-g -O2'
COVERAGE_FALSE=''
COVERAGE_TRUE='#'
CPP='gcc -E'
CPPFLAGS=''
CXX='g++'
CXXCPP='g++ -E'
CXXDEPMODE='depmode=gcc3'
CXXFLAGS='-g -O2'
CYGPATH_W='echo'
DEFS='-DHAVE_CONFIG_H'
DEPDIR='.deps'
DLLTOOL='false'
DOXYGEN=''
DSYMUTIL=''
DUMPBIN=''
ECHO_C=''
ECHO_N='-n'
ECHO_T=''
EGREP='/bin/grep -E'
EXEEXT=''
FGREP='/bin/grep -F'
GREP='/bin/grep'
HAVE_DOXYGEN_FALSE=''
HAVE_DOXYGEN_TRUE='#'
HAVE_NETAPPS_FALSE='#'
HAVE_NETAPPS_TRUE=''
HAVE_NETLINK_FALSE='#'
HAVE_NETLINK_TRUE=''
HAVE_PCAP_FALSE='#'
HAVE_PCAP_TRUE=''
HAVE_SPHINX_BUILD_FALSE=''
HAVE_SPHINX_BUILD_TRUE='#'
INSTALL_DATA='${INSTALL} -m 644'
INSTALL_PROGRAM='${INSTALL}'
INSTALL_SCRIPT='${INSTALL}'
INSTALL_STRIP_PROGRAM='$(install_sh) -c -s'
LD='/usr/bin/ld'
LDFLAGS=''
LIBOBJS=''
LIBS=''
LIBTOOL='$(SHELL) $(top_builddir)/libtool'
LIPO=''
LN_S='ln -s'
LTLIBOBJS=''
MAKEINFO='${SHELL} /home/openflow/nox11oflib/config/missing --run makeinfo'
MANIFEST_TOOL=':'
MKDIR_P='/bin/mkdir -p'
MODULES_coreapps='testharness hub switch messenger butterfly_app #add coreapps component here '
MODULES_netapps='discovery #add netapps component here '
NDEBUG_FALSE=''
NDEBUG_TRUE='#'
NM='/usr/bin/nm -B'
NMEDIT=''
OBJDUMP='objdump'
OBJEXT='o'
OPENFLOW_CPPFLAGS='-I${top_srcdir}/src/include/openflow'
OPENSSL_PROG='yes'
OTOOL64=''
OTOOL=''
PACKAGE='nox'
PACKAGE_BUGREPORT='contact@noxrepo.org'
PACKAGE_NAME='nox'
PACKAGE_STRING='nox 0.9.0(zaku)~full~beta'
PACKAGE_TARNAME='nox'
PACKAGE_URL=''
PACKAGE_VERSION='0.9.0(zaku)~full~beta'
PATH_SEPARATOR=':'
PCAP_LDFLAGS='-lpcap'
PROFILING_FALSE=''
PROFILING_TRUE='#'
PYTHON='/usr/bin/python'
PYTHON_CPPFLAGS='-I/usr/include/python2.7'
PYTHON_EXTRA_LDFLAGS='-Xlinker -export-dynamic -Wl,-O1 -Wl,-Bsymbolic-functions'
PYTHON_EXTRA_LIBS='-lssl -lcrypto  -lssl -lcrypto      -L/usr/lib -lz -lpthread -ldl  -lutil -lm'
PYTHON_LDFLAGS='-L/usr/lib/python2.7/config -lpython2.7'
PYTHON_SITE_PKG='/usr/lib/python2.7/dist-packages'
PYTHON_VERSION=''
PY_ENABLED_FALSE='#'
PY_ENABLED_TRUE=''
RANLIB='ranlib'
SED='/bin/sed'
SET_MAKE=''
SHELL='/bin/bash'
SPHINX_BUILD=''
SSL_LIBS='-lssl -lcrypto'
STRIP='strip'
SWIG='/usr/bin/swig -c++'
SWIG_LIB='/usr/share/swig1.3'
SWIG_PYTHON_CPPFLAGS='-I/usr/include/python2.7'
SWIG_PYTHON_OPT='-python '
USE_LTDL_FALSE=''
USE_LTDL_TRUE='#'
VERSION='0.9.0(zaku)~full~beta'
VMDIR=''
ac_ct_AR='ar'
ac_ct_CC='gcc'
ac_ct_CXX='g++'
ac_ct_DUMPBIN=''
am__EXEEXT_FALSE=''
am__EXEEXT_TRUE='#'
am__fastdepCC_FALSE='#'
am__fastdepCC_TRUE=''
am__fastdepCXX_FALSE='#'
am__fastdepCXX_TRUE=''
am__include='include'
am__isrc=''
am__leading_dot='.'
am__quote=''
am__tar='tar --format=ustar -chf - "$$tardir"'
am__untar='tar -xf -'
bindir='${exec_prefix}/bin'
build='i686-pc-linux-gnu'
build_alias=''
build_cpu='i686'
build_os='linux-gnu'
build_vendor='pc'
datadir='${datarootdir}'
datarootdir='${prefix}/share'
docdir='${datarootdir}/doc/${PACKAGE_TARNAME}'
dvidir='${docdir}'
exec_prefix='${prefix}'
host='i686-pc-linux-gnu'
host_alias=''
host_cpu='i686'
host_os='linux-gnu'
host_vendor='pc'
htmldir='${docdir}'
includedir='${prefix}/include'
infodir='${datarootdir}/info'
install_sh='${SHELL} /home/openflow/nox11oflib/config/install-sh'
libdir='${exec_prefix}/lib'
libexecdir='${exec_prefix}/libexec'
localedir='${datarootdir}/locale'
localstatedir='${prefix}/var'
mandir='${datarootdir}/man'
mkdir_p='/bin/mkdir -p'
oldincludedir='/usr/include'
pdfdir='${docdir}'
prefix='/usr/local'
program_transform_name='s,x,x,'
psdir='${docdir}'
sbindir='${exec_prefix}/sbin'
sharedstatedir='${prefix}/com'
sysconfdir='${prefix}/etc'
target_alias=''

## ----------- ##
## confdefs.h. ##
## ----------- ##

/* confdefs.h */
#define PACKAGE_NAME "nox"
#define PACKAGE_TARNAME "nox"
#define PACKAGE_VERSION "0.9.0(zaku)~full~beta"
#define PACKAGE_STRING "nox 0.9.0(zaku)~full~beta"
#define PACKAGE_BUGREPORT "contact@noxrepo.org"
#define PACKAGE_URL ""
#define BUILDNR 0
#define BUILDNR_SUFFIX ""
#define PACKAGE "nox"
#define VERSION "0.9.0(zaku)~full~beta"
#define STDC_HEADERS 1
#define HAVE_SYS_TYPES_H 1
#define HAVE_SYS_STAT_H 1
#define HAVE_STDLIB_H 1
#define HAVE_STRING_H 1
#define HAVE_MEMORY_H 1
#define HAVE_STRINGS_H 1
#define HAVE_INTTYPES_H 1
#define HAVE_STDINT_H 1
#define HAVE_UNISTD_H 1
#define __EXTENSIONS__ 1
#define _ALL_SOURCE 1
#define _GNU_SOURCE 1
#define _POSIX_PTHREAD_SEMANTICS 1
#define _TANDEM_SOURCE 1
#define _FILE_OFFSET_BITS 64
#define HAVE_DLFCN_H 1
#define LT_OBJDIR ".libs/"
#define HAVE_FDATASYNC 1
#define HAVE_PPOLL 1
#define HAVE_BOOST /**/
#define HAVE_BOOST_SYSTEM /**/
#define HAVE_BOOST_FILESYSTEM /**/
#define HAVE_PCAP 1
#define SSL_CONST const
#define HAVE_NETLINK 1
#define HAVE_TLS 1
#define HAVE_MALLOC_HOOKS 1
#define HAVE_coreapps 1
#define HAVE_netapps 1
#define TWISTED_ENABLED 1
#define HAVE_BOOST_UNIT_TEST_FRAMEWORK /**/

configure: exit 0
